

*******************************************************************************
Tue May 11 13:15:29 2021


FIT:    data read from 'insertionsort.data' using 1:2:3
        format = x:z:s
        #datapoints = 10
function used for fitting: f(x)
fitted parameters initialized with current variable values



*******************************************************************************
Tue May 11 13:16:42 2021


FIT:    data read from 'insertionsort.data' using 1:2:3
        format = x:z:s
        #datapoints = 10
function used for fitting: f(x)
	f(x) = a*x**2 + b*x + c
fitted parameters initialized with current variable values

iter      chisq       delta/lim  lambda   a             b             c            
   0 2.2284477685e+24   0.00e+00  2.73e+11    1.000000e+00   1.000000e+00   1.000000e+00
  14 5.4478900244e+00  -3.60e-09  2.73e+04    3.452520e-09  -1.020611e-06   1.585485e-02

After 14 iterations the fit converged.
final sum of squares of residuals : 5.44789
rel. change during last iteration : -3.603e-14

degrees of freedom    (FIT_NDF)                        : 7
rms of residuals      (FIT_STDFIT) = sqrt(WSSR/ndf)    : 0.882196
variance of residuals (reduced chisquare) = WSSR/ndf   : 0.77827
p-value of the Chisq distribution (FIT_P)              : 0.605477

Final set of parameters            Asymptotic Standard Error
=======================            ==========================
a               = 3.45252e-09      +/- 2.513e-12    (0.0728%)
b               = -1.02061e-06     +/- 3.929e-07    (38.5%)
c               = 0.0158548        +/- 0.01178      (74.33%)

correlation matrix of the fit parameters:
                a      b      c      
a               1.000 
b              -0.954  1.000 
c               0.897 -0.980  1.000 


*******************************************************************************
Tue May 11 13:17:44 2021


FIT:    data read from 'insertionsort.data' using 1:2:3
        format = x:z:s
        #datapoints = 10
function used for fitting: f(x)
	f(x) = a*x**2 + b*x + c
fitted parameters initialized with current variable values

iter      chisq       delta/lim  lambda   a             b             c            
   0 1.7476600313e+06   0.00e+00  4.82e+02    3.452520e-09  -1.020611e-06   1.585485e-02
   6 3.4035706882e+00  -1.55e-04  4.82e-04    1.719985e-09  -6.226410e-07   1.354950e-02

After 6 iterations the fit converged.
final sum of squares of residuals : 3.40357
rel. change during last iteration : -1.55174e-09

degrees of freedom    (FIT_NDF)                        : 7
rms of residuals      (FIT_STDFIT) = sqrt(WSSR/ndf)    : 0.697298
variance of residuals (reduced chisquare) = WSSR/ndf   : 0.486224
p-value of the Chisq distribution (FIT_P)              : 0.845331

Final set of parameters            Asymptotic Standard Error
=======================            ==========================
a               = 1.71998e-09      +/- 2.326e-12    (0.1352%)
b               = -6.22641e-07     +/- 3.123e-07    (50.16%)
c               = 0.0135495        +/- 0.00745      (54.98%)

correlation matrix of the fit parameters:
                a      b      c      
a               1.000 
b              -0.897  1.000 
c               0.760 -0.931  1.000 


*******************************************************************************
Tue May 11 13:22:09 2021


FIT:    data read from 'insertionsort.data' using 1:2:3
        format = x:z:s
        x range restricted to [10000.0 : 220000.]
        #datapoints = 10
function used for fitting: f(x)
	f(x) = a*x**2 + b*x + c
fitted parameters initialized with current variable values

iter      chisq       delta/lim  lambda   a             b             c            
   0 1.9938161370e+14   0.00e+00  2.59e+06    1.719985e-09  -6.226410e-07   1.354950e-02
   8 6.0774763033e+00  -1.11e-04  2.59e-02    7.174229e-15   7.789520e-09   8.810193e-05

After 8 iterations the fit converged.
final sum of squares of residuals : 6.07748
rel. change during last iteration : -1.11108e-09

degrees of freedom    (FIT_NDF)                        : 7
rms of residuals      (FIT_STDFIT) = sqrt(WSSR/ndf)    : 0.931778
variance of residuals (reduced chisquare) = WSSR/ndf   : 0.868211
p-value of the Chisq distribution (FIT_P)              : 0.530733

Final set of parameters            Asymptotic Standard Error
=======================            ==========================
a               = 7.17423e-15      +/- 2.744e-15    (38.25%)
b               = 7.78952e-09      +/- 6.483e-10    (8.323%)
c               = 8.81019e-05      +/- 3.899e-05    (44.25%)

correlation matrix of the fit parameters:
                a      b      c      
a               1.000 
b              -0.965  1.000 
c               0.898 -0.982  1.000 


*******************************************************************************
Tue May 11 13:27:08 2021


FIT:    data read from 'insertionsort.data' using 1:2:3
        format = x:z:s
        x range restricted to [10000.0 : 220000.]
        #datapoints = 10
function used for fitting: f(x)
	f(x) = a*x**2 + b*x + c
fitted parameters initialized with current variable values

iter      chisq       delta/lim  lambda   a             b             c            
   0 2.6421221698e+07   0.00e+00  3.11e-02    7.174229e-15   7.789520e-09   8.810193e-05
   5 5.4478900244e+00  -7.27e-02  3.11e-07    3.452520e-09  -1.020611e-06   1.585485e-02

After 5 iterations the fit converged.
final sum of squares of residuals : 5.44789
rel. change during last iteration : -7.27229e-07

degrees of freedom    (FIT_NDF)                        : 7
rms of residuals      (FIT_STDFIT) = sqrt(WSSR/ndf)    : 0.882196
variance of residuals (reduced chisquare) = WSSR/ndf   : 0.77827
p-value of the Chisq distribution (FIT_P)              : 0.605477

Final set of parameters            Asymptotic Standard Error
=======================            ==========================
a               = 3.45252e-09      +/- 2.513e-12    (0.0728%)
b               = -1.02061e-06     +/- 3.929e-07    (38.5%)
c               = 0.0158548        +/- 0.01178      (74.33%)

correlation matrix of the fit parameters:
                a      b      c      
a               1.000 
b              -0.954  1.000 
c               0.897 -0.980  1.000 


*******************************************************************************
Tue May 11 13:28:47 2021


FIT:    data read from 'insertionsort.data' using 1:2:3
        format = x:z:s
        x range restricted to [10000.0 : 220000.]
        #datapoints = 10
function used for fitting: f(x)
	f(x) = a*x**2 + b*x + c
fitted parameters initialized with current variable values

iter      chisq       delta/lim  lambda   a             b             c            
   0 1.0154303386e+15   0.00e+00  5.83e+06    3.452520e-09  -1.020611e-06   1.585485e-02
   8 1.4514340386e+00  -1.70e-01  5.83e-02    5.584362e-15   8.099537e-09   7.478884e-05

After 8 iterations the fit converged.
final sum of squares of residuals : 1.45143
rel. change during last iteration : -1.69887e-06

degrees of freedom    (FIT_NDF)                        : 7
rms of residuals      (FIT_STDFIT) = sqrt(WSSR/ndf)    : 0.455354
variance of residuals (reduced chisquare) = WSSR/ndf   : 0.207348
p-value of the Chisq distribution (FIT_P)              : 0.983944

Final set of parameters            Asymptotic Standard Error
=======================            ==========================
a               = 5.58436e-15      +/- 1.309e-15    (23.44%)
b               = 8.09954e-09      +/- 3.078e-10    (3.801%)
c               = 7.47888e-05      +/- 1.779e-05    (23.78%)

correlation matrix of the fit parameters:
                a      b      c      
a               1.000 
b              -0.994  1.000 
c               0.975 -0.993  1.000 
